Array
(
    [0] => Array
        (
            [id] => 2
            [parent_id] => 0
            [top] => 0
            [name] => 2 dsfsdfsd
            [description] => 
            [level] => 0
        )

    [1] => Array
        (
            [id] => 5
            [parent_id] => 0
            [top] => 301
            [name] => 5 dsfsdfsd
            [description] => 
            [level] => 0
        )

    [2] => Array
        (
            [id] => 4
            [parent_id] => 0
            [top] => 207
            [name] => 4 dsfsdfsd
            [description] => 
            [level] => 0
        )

)
Array
(
    [0] => Array
        (
            [id] => 1
            [parent_id] => 4
            [top] => 254
            [name] => 1 dsfsdfsd
            [description] => 
            [level] => 1
        )

)
Array
(
    [0] => Array
        (
            [id] => 2
            [parent_id] => 0
            [top] => 0
            [name] => 2 dsfsdfsd
            [description] => 
            [level] => 0
        )

    [1] => Array
        (
            [id] => 5
            [parent_id] => 0
            [top] => 301
            [name] => 5 dsfsdfsd
            [description] => 
            [level] => 0
        )

    [2] => Array
        (
            [id] => 4
            [parent_id] => 0
            [top] => 207
            [name] => 4 dsfsdfsd
            [description] => 
            [level] => 0
        )

)
Array
(
    [0] => Array
        (
            [id] => 1
            [parent_id] => 4
            [top] => 254
            [name] => 1 dsfsdfsd
            [description] => 
            [level] => 1
        )

)
Array
(
    [0] => Array
        (
            [id] => 2
            [parent_id] => 0
            [top] => 0
            [name] => 2 dsfsdfsd
            [description] => 
            [level] => 0
        )

    [1] => Array
        (
            [id] => 5
            [parent_id] => 0
            [top] => 301
            [name] => 5 dsfsdfsd
            [description] => 
            [level] => 0
        )

    [2] => Array
        (
            [id] => 4
            [parent_id] => 0
            [top] => 207
            [name] => 4 dsfsdfsd
            [description] => 
            [level] => 0
        )

)
Array
(
    [0] => Array
        (
            [id] => 1
            [parent_id] => 4
            [top] => 254
            [name] => 1 dsfsdfsd
            [description] => 
            [level] => 1
        )

)
