Array
(
    [0] => Array
        (
            [id] => 5
            [parent_id] => 0
            [top] => 160
            [name] => 5 dsfsdfsd
            [description] => 
            [chield] => Array
                (
                )

            [level] => 0
        )

    [1] => Array
        (
            [id] => 4
            [parent_id] => 5
            [top] => 207
            [name] => 4 dsfsdfsd
            [description] => 
            [chield] => Array
                (
                )

            [level] => 1
        )

    [2] => Array
        (
            [id] => 3
            [parent_id] => 2
            [top] => 254
            [name] => 3 dsfsdfsd
            [description] => 
            [chield] => Array
                (
                )

            [level] => 1
        )

    [3] => Array
        (
            [id] => 2
            [parent_id] => 1
            [top] => 348
            [name] => 2 dsfsdfsd
            [description] => 
            [chield] => Array
                (
                )

            [level] => 1
        )

    [4] => Array
        (
            [id] => 1
            [parent_id] => 4
            [top] => 254
            [name] => 1 dsfsdfsd
            [description] => 
            [chield] => Array
                (
                )

            [level] => 2
        )

)
